<?xml version="1.0" encoding="UTF-8"?>
<!-- Generated by org.testng.reporters.JUnitReportReporter -->
<testsuite skipped="0" hostname="DESKTOP-84IFITH" name="b.NewTest1" tests="1" failures="0" timestamp="30 Jan 2022 13:37:44 GMT" time="0.013" errors="0">
  <testcase name="c" time="0.013" classname="b.NewTest1"/>
</testsuite> <!-- b.NewTest1 -->
