<?xml version="1.0" encoding="UTF-8"?>
<!-- Generated by org.testng.reporters.JUnitReportReporter -->
<testsuite skipped="0" hostname="DESKTOP-84IFITH" name="b.NewTest" tests="1" failures="0" timestamp="30 Jan 2022 13:58:16 GMT" time="0.011" errors="0">
  <testcase name="f" time="0.011" classname="b.NewTest"/>
</testsuite> <!-- b.NewTest -->
